<?xml version="1.0" encoding="UTF-8"?>
<!-- Generated by org.testng.reporters.JUnitXMLReporter -->
<testsuite hostname="DESKTOP-IIAEGH5" name="order" tests="5" failures="1" timestamp="10 Jan 2017 19:17:07 GMT" time="154.856" errors="0">
  <testcase name="loginInfoQ" time="1.527" classname="endtoendtestsInfoQ.InfoQNavigationTest"/>
  <testcase name="loginInfoQClickTest" time="31.053" classname="endtoendtestsInfoQ.InfoQNavigationTest">
    <failure type="org.openqa.selenium.TimeoutException" message="Timed out after 30 seconds waiting for element to be clickable: By.cssSelector: #keyword
Build info: version: &amp;apos;2.53.1&amp;apos;, revision: &amp;apos;a36b8b1cd5757287168e54b817830adce9b0158d&amp;apos;, time: &amp;apos;2016-06-30 19:26:09&amp;apos;
System info: host: &amp;apos;DESKTOP-IIAEGH5&amp;apos;, ip: &amp;apos;192.168.1.103&amp;apos;, os.name: &amp;apos;Windows 10&amp;apos;, os.arch: &amp;apos;amd64&amp;apos;, os.version: &amp;apos;10.0&amp;apos;, java.version: &amp;apos;1.8.0_77&amp;apos;
Driver info: org.openqa.selenium.chrome.ChromeDriver
Capabilities [{applicationCacheEnabled=false, rotatable=false, mobileEmulationEnabled=false, networkConnectionEnabled=false, chrome={chromedriverVersion=2.27.440174 (e97a722caafc2d3a8b807ee115bfb307f7d2cfd9), userDataDir=C:\Users\HARIKA~1\AppData\Local\Temp\scoped_dir12576_26001}, takesHeapSnapshot=true, pageLoadStrategy=normal, databaseEnabled=false, handlesAlerts=true, hasTouchScreen=false, version=55.0.2883.87, platform=XP, browserConnectionEnabled=false, nativeEvents=true, acceptSslCerts=true, locationContextEnabled=true, webStorageEnabled=true, browserName=chrome, takesScreenshot=true, javascriptEnabled=true, cssSelectorsEnabled=true, unexpectedAlertBehaviour=}]
Session ID: a938d393d24fedb2a5bdadf8a3588ee8">
      <![CDATA[org.openqa.selenium.TimeoutException: Timed out after 30 seconds waiting for element to be clickable: By.cssSelector: #keyword
Build info: version: '2.53.1', revision: 'a36b8b1cd5757287168e54b817830adce9b0158d', time: '2016-06-30 19:26:09'
System info: host: 'DESKTOP-IIAEGH5', ip: '192.168.1.103', os.name: 'Windows 10', os.arch: 'amd64', os.version: '10.0', java.version: '1.8.0_77'
Driver info: org.openqa.selenium.chrome.ChromeDriver
Capabilities [{applicationCacheEnabled=false, rotatable=false, mobileEmulationEnabled=false, networkConnectionEnabled=false, chrome={chromedriverVersion=2.27.440174 (e97a722caafc2d3a8b807ee115bfb307f7d2cfd9), userDataDir=C:\Users\HARIKA~1\AppData\Local\Temp\scoped_dir12576_26001}, takesHeapSnapshot=true, pageLoadStrategy=normal, databaseEnabled=false, handlesAlerts=true, hasTouchScreen=false, version=55.0.2883.87, platform=XP, browserConnectionEnabled=false, nativeEvents=true, acceptSslCerts=true, locationContextEnabled=true, webStorageEnabled=true, browserName=chrome, takesScreenshot=true, javascriptEnabled=true, cssSelectorsEnabled=true, unexpectedAlertBehaviour=}]
Session ID: a938d393d24fedb2a5bdadf8a3588ee8
	at org.openqa.selenium.support.ui.WebDriverWait.timeoutException(WebDriverWait.java:80)
	at org.openqa.selenium.support.ui.FluentWait.until(FluentWait.java:261)
	at com.catapi.uiextensions.SeleniumExtensions.waitforCondition(SeleniumExtensions.java:62)
	at com.catapi.uiextensions.SeleniumExtensions.getElement(SeleniumExtensions.java:35)
	at com.catapi.uiextensions.ClickElement.onObject(ClickElement.java:15)
	at endtoendtestsInfoQ.InfoQNavigationTest.loginInfoQClickTest(InfoQNavigationTest.java:53)
... Removed 24 stack frames]]>
    </failure>
  </testcase> <!-- loginInfoQClickTest -->
  <testcase name="navigatetoInfoQ" time="47.332" classname="endtoendtestsInfoQ.InfoQNavigationTest"/>
  <testcase name="repeatnavigatetoInfoQ" time="18.342" classname="endtoendtestsInfoQ.InfoQNavigationTest"/>
  <testcase name="searchInfoQ" time="0.76" classname="endtoendtestsInfoQ.InfoQNavigationTest"/>
</testsuite> <!-- order -->
